# JRE version: OpenJDK Runtime Environment (8.0_212-b04) (build 1.8.0_212-release-1586-b04)
# Java VM: OpenJDK 64-Bit Server VM (25.212-b04 mixed mode windows-amd64 compressed oops)
Heap:
 PSYoungGen      total 554496K, used 113047K [0x00000000d5580000, 0x00000000ffd00000, 0x0000000100000000)
  eden space 416256K, 25% used [0x00000000d5580000,0x00000000dbe45e98,0x00000000eec00000)
  from space 138240K, 4% used [0x00000000f7600000,0x00000000f7ba0020,0x00000000ffd00000)
  to   space 139776K, 0% used [0x00000000eec00000,0x00000000eec00000,0x00000000f7480000)
 ParOldGen       total 522752K, used 263660K [0x0000000080000000, 0x000000009fe80000, 0x00000000d5580000)
  object space 522752K, 50% used [0x0000000080000000,0x000000009017b388,0x000000009fe80000)
 Metaspace       used 103486K, capacity 108095K, committed 108584K, reserved 1142784K
  class space    used 13231K, capacity 14154K, committed 14376K, reserved 1048576K
GC Heap History (10 events):
Event: 577.626 GC heap before
{Heap before GC invocations=72 (full 7):
 PSYoungGen      total 496640K, used 496630K [0x00000000d5580000, 0x0000000100000000, 0x0000000100000000)
  eden space 404992K, 100% used [0x00000000d5580000,0x00000000ee100000,0x00000000ee100000)
  from space 91648K, 99% used [0x00000000fa680000,0x00000000ffffd848,0x0000000100000000)
  to   space 146944K, 0% used [0x00000000ee100000,0x00000000ee100000,0x00000000f7080000)
 ParOldGen       total 512512K, used 371737K [0x0000000080000000, 0x000000009f480000, 0x00000000d5580000)
  object space 512512K, 72% used [0x0000000080000000,0x0000000096b06470,0x000000009f480000)
 Metaspace       used 103469K, capacity 108031K, committed 108584K, reserved 1142784K
  class space    used 13230K, capacity 14154K, committed 14376K, reserved 1048576K
Event: 577.694 GC heap after
Heap after GC invocations=72 (full 7):
 PSYoungGen      total 551936K, used 79624K [0x00000000d5580000, 0x0000000100000000, 0x0000000100000000)
  eden space 404992K, 0% used [0x00000000d5580000,0x00000000d5580000,0x00000000ee100000)
  from space 146944K, 54% used [0x00000000ee100000,0x00000000f2ec20a0,0x00000000f7080000)
  to   space 146944K, 0% used [0x00000000f7080000,0x00000000f7080000,0x0000000100000000)
 ParOldGen       total 512512K, used 385369K [0x0000000080000000, 0x000000009f480000, 0x00000000d5580000)
  object space 512512K, 75% used [0x0000000080000000,0x0000000097856710,0x000000009f480000)
 Metaspace       used 103469K, capacity 108031K, committed 108584K, reserved 1142784K
  class space    used 13230K, capacity 14154K, committed 14376K, reserved 1048576K
}
Event: 578.346 GC heap before
{Heap before GC invocations=73 (full 7):
 PSYoungGen      total 551936K, used 484616K [0x00000000d5580000, 0x0000000100000000, 0x0000000100000000)
  eden space 404992K, 100% used [0x00000000d5580000,0x00000000ee100000,0x00000000ee100000)
  from space 146944K, 54% used [0x00000000ee100000,0x00000000f2ec20a0,0x00000000f7080000)
  to   space 146944K, 0% used [0x00000000f7080000,0x00000000f7080000,0x0000000100000000)
 ParOldGen       total 512512K, used 385369K [0x0000000080000000, 0x000000009f480000, 0x00000000d5580000)
  object space 512512K, 75% used [0x0000000080000000,0x0000000097856710,0x000000009f480000)
 Metaspace       used 103476K, capacity 108031K, committed 108584K, reserved 1142784K
  class space    used 13231K, capacity 14154K, committed 14376K, reserved 1048576K
Event: 578.446 GC heap after
Heap after GC invocations=73 (full 7):
 PSYoungGen      total 540672K, used 37606K [0x00000000d5580000, 0x00000000ff500000, 0x0000000100000000)
  eden space 404992K, 0% used [0x00000000d5580000,0x00000000d5580000,0x00000000ee100000)
  from space 135680K, 27% used [0x00000000f7080000,0x00000000f9539850,0x00000000ff500000)
  to   space 141312K, 0% used [0x00000000ee100000,0x00000000ee100000,0x00000000f6b00000)
 ParOldGen       total 512512K, used 449067K [0x0000000080000000, 0x000000009f480000, 0x00000000d5580000)
  object space 512512K, 87% used [0x0000000080000000,0x000000009b68add8,0x000000009f480000)
 Metaspace       used 103476K, capacity 108031K, committed 108584K, reserved 1142784K
  class space    used 13231K, capacity 14154K, committed 14376K, reserved 1048576K
}
Event: 578.446 GC heap before
{Heap before GC invocations=74 (full 8):
 PSYoungGen      total 540672K, used 37606K [0x00000000d5580000, 0x00000000ff500000, 0x0000000100000000)
  eden space 404992K, 0% used [0x00000000d5580000,0x00000000d5580000,0x00000000ee100000)
  from space 135680K, 27% used [0x00000000f7080000,0x00000000f9539850,0x00000000ff500000)
  to   space 141312K, 0% used [0x00000000ee100000,0x00000000ee100000,0x00000000f6b00000)
 ParOldGen       total 512512K, used 449067K [0x0000000080000000, 0x000000009f480000, 0x00000000d5580000)
  object space 512512K, 87% used [0x0000000080000000,0x000000009b68add8,0x000000009f480000)
 Metaspace       used 103476K, capacity 108031K, committed 108584K, reserved 1142784K
  class space    used 13231K, capacity 14154K, committed 14376K, reserved 1048576K
Event: 579.269 GC heap after
Heap after GC invocations=74 (full 8):
 PSYoungGen      total 540672K, used 0K [0x00000000d5580000, 0x00000000ff500000, 0x0000000100000000)
  eden space 404992K, 0% used [0x00000000d5580000,0x00000000d5580000,0x00000000ee100000)
  from space 135680K, 0% used [0x00000000f7080000,0x00000000f7080000,0x00000000ff500000)
  to   space 141312K, 0% used [0x00000000ee100000,0x00000000ee100000,0x00000000f6b00000)
 ParOldGen       total 522752K, used 260241K [0x0000000080000000, 0x000000009fe80000, 0x00000000d5580000)
  object space 522752K, 49% used [0x0000000080000000,0x000000008fe24490,0x000000009fe80000)
 Metaspace       used 103476K, capacity 108031K, committed 108584K, reserved 1142784K
  class space    used 13231K, capacity 14154K, committed 14376K, reserved 1048576K
}
Event: 582.093 GC heap before
{Heap before GC invocations=75 (full 8):
 PSYoungGen      total 540672K, used 404992K [0x00000000d5580000, 0x00000000ff500000, 0x0000000100000000)
  eden space 404992K, 100% used [0x00000000d5580000,0x00000000ee100000,0x00000000ee100000)
  from space 135680K, 0% used [0x00000000f7080000,0x00000000f7080000,0x00000000ff500000)
  to   space 141312K, 0% used [0x00000000ee100000,0x00000000ee100000,0x00000000f6b00000)
 ParOldGen       total 522752K, used 260241K [0x0000000080000000, 0x000000009fe80000, 0x00000000d5580000)
  object space 522752K, 49% used [0x0000000080000000,0x000000008fe24490,0x000000009fe80000)
 Metaspace       used 103484K, capacity 108095K, committed 108584K, reserved 1142784K
  class space    used 13231K, capacity 14154K, committed 14376K, reserved 1048576K
Event: 582.101 GC heap after
Heap after GC invocations=75 (full 8):
 PSYoungGen      total 546304K, used 6830K [0x00000000d5580000, 0x0000000100000000, 0x0000000100000000)
  eden space 404992K, 0% used [0x00000000d5580000,0x00000000d5580000,0x00000000ee100000)
  from space 141312K, 4% used [0x00000000ee100000,0x00000000ee7aba88,0x00000000f6b00000)
  to   space 141312K, 0% used [0x00000000f7600000,0x00000000f7600000,0x0000000100000000)
 ParOldGen       total 522752K, used 260241K [0x0000000080000000, 0x000000009fe80000, 0x00000000d5580000)
  object space 522752K, 49% used [0x0000000080000000,0x000000008fe24490,0x000000009fe80000)
 Metaspace       used 103484K, capacity 108095K, committed 108584K, reserved 1142784K
  class space    used 13231K, capacity 14154K, committed 14376K, reserved 1048576K
}
Event: 583.242 GC heap before
{Heap before GC invocations=76 (full 8):
 PSYoungGen      total 546304K, used 411822K [0x00000000d5580000, 0x0000000100000000, 0x0000000100000000)
  eden space 404992K, 100% used [0x00000000d5580000,0x00000000ee100000,0x00000000ee100000)
  from space 141312K, 4% used [0x00000000ee100000,0x00000000ee7aba88,0x00000000f6b00000)
  to   space 141312K, 0% used [0x00000000f7600000,0x00000000f7600000,0x0000000100000000)
 ParOldGen       total 522752K, used 260241K [0x0000000080000000, 0x000000009fe80000, 0x00000000d5580000)
  object space 522752K, 49% used [0x0000000080000000,0x000000008fe24490,0x000000009fe80000)
 Metaspace       used 103486K, capacity 108095K, committed 108584K, reserved 1142784K
  class space    used 13231K, capacity 14154K, committed 14376K, reserved 1048576K
Event: 583.249 GC heap after
Heap after GC invocations=76 (full 8):
 PSYoungGen      total 554496K, used 5760K [0x00000000d5580000, 0x00000000ffd00000, 0x0000000100000000)
  eden space 416256K, 0% used [0x00000000d5580000,0x00000000d5580000,0x00000000eec00000)
  from space 138240K, 4% used [0x00000000f7600000,0x00000000f7ba0020,0x00000000ffd00000)
  to   space 139776K, 0% used [0x00000000eec00000,0x00000000eec00000,0x00000000f7480000)
 ParOldGen       total 522752K, used 263660K [0x0000000080000000, 0x000000009fe80000, 0x00000000d5580000)
  object space 522752K, 50% used [0x0000000080000000,0x000000009017b388,0x000000009fe80000)
 Metaspace       used 103486K, capacity 108095K, committed 108584K, reserved 1142784K
  class space    used 13231K, capacity 14154K, committed 14376K, reserved 1048576K
}

